<?xml version="1.0" encoding="utf-8"?><testsuites><testsuite errors="0" failures="0" hostname="Hilals-MacBook-Pro.local" name="pytest" skipped="0" tests="5" time="15.166" timestamp="2022-05-13T17:39:24.734456"><testcase classname="tests.sportscar.body.test_body.BodyTests" name="test_can_navigate_to_body_page" time="4.401" /><testcase classname="tests.sportscar.body.test_body.BodyTests" name="test_bumper" time="0.001" /><testcase classname="tests.sportscar.body.test_body.BodyTests" name="test_windshield" time="0.002" /><testcase classname="tests.sportscar.engine.test_engine" name="test_can_navigate_to_engine_page" time="3.126" /><testcase classname="tests.sportscar.entertainment.test_entertainment" name="test_can_navigate_to_entertainment_page" time="7.412" /></testsuite></testsuites>